2020-07-20 09:29:54 [main] [com.phiotonia.kniotcloud.backend.KnIotCloudBackendApplication] [line48] [INFO] - Starting KnIotCloudBackendApplication on DESKTOP-KEVDEV-X with PID 6672 (D:\KNiotCloud-Backend\target\classes started by Owner in D:\KNiotCloud-Backend)
2020-07-20 09:29:54 [main] [com.phiotonia.kniotcloud.backend.KnIotCloudBackendApplication] [line597] [INFO] - The following profiles are active: dev
2020-07-20 09:29:54 [main] [org.springframework.boot.context.embedded.AnnotationConfigEmbeddedWebApplicationContext] [line583] [INFO] - Refreshing org.springframework.boot.context.embedded.AnnotationConfigEmbeddedWebApplicationContext@1130520d: startup date [Mon Jul 20 09:29:54 EDT 2020]; root of context hierarchy
2020-07-20 09:29:54 [background-preinit] [org.hibernate.validator.internal.util.Version] [line30] [INFO] - HV000001: Hibernate Validator 5.3.6.Final
2020-07-20 09:29:56 [main] [org.springframework.context.support.PostProcessorRegistrationDelegate$BeanPostProcessorChecker] [line327] [INFO] - Bean 'org.springframework.transaction.annotation.ProxyTransactionManagementConfiguration' of type [org.springframework.transaction.annotation.ProxyTransactionManagementConfiguration$$EnhancerBySpringCGLIB$$1c35e8d] is not eligible for getting processed by all BeanPostProcessors (for example: not eligible for auto-proxying)
2020-07-20 09:29:56 [main] [org.springframework.context.support.PostProcessorRegistrationDelegate$BeanPostProcessorChecker] [line327] [INFO] - Bean 'org.springframework.cache.annotation.ProxyCachingConfiguration' of type [org.springframework.cache.annotation.ProxyCachingConfiguration$$EnhancerBySpringCGLIB$$4ad594ab] is not eligible for getting processed by all BeanPostProcessors (for example: not eligible for auto-proxying)
2020-07-20 09:29:56 [main] [org.springframework.context.support.PostProcessorRegistrationDelegate$BeanPostProcessorChecker] [line327] [INFO] - Bean 'org.springframework.boot.autoconfigure.cache.CacheAutoConfiguration' of type [org.springframework.boot.autoconfigure.cache.CacheAutoConfiguration$$EnhancerBySpringCGLIB$$3f49594f] is not eligible for getting processed by all BeanPostProcessors (for example: not eligible for auto-proxying)
2020-07-20 09:29:56 [main] [org.springframework.context.support.PostProcessorRegistrationDelegate$BeanPostProcessorChecker] [line327] [INFO] - Bean 'spring.cache-org.springframework.boot.autoconfigure.cache.CacheProperties' of type [org.springframework.boot.autoconfigure.cache.CacheProperties] is not eligible for getting processed by all BeanPostProcessors (for example: not eligible for auto-proxying)
2020-07-20 09:29:56 [main] [org.springframework.context.support.PostProcessorRegistrationDelegate$BeanPostProcessorChecker] [line327] [INFO] - Bean 'cacheManagerCustomizers' of type [org.springframework.boot.autoconfigure.cache.CacheManagerCustomizers] is not eligible for getting processed by all BeanPostProcessors (for example: not eligible for auto-proxying)
2020-07-20 09:29:56 [main] [org.springframework.context.support.PostProcessorRegistrationDelegate$BeanPostProcessorChecker] [line327] [INFO] - Bean 'org.springframework.boot.autoconfigure.cache.GuavaCacheConfiguration' of type [org.springframework.boot.autoconfigure.cache.GuavaCacheConfiguration$$EnhancerBySpringCGLIB$$96e691ec] is not eligible for getting processed by all BeanPostProcessors (for example: not eligible for auto-proxying)
2020-07-20 09:29:56 [main] [org.springframework.context.support.PostProcessorRegistrationDelegate$BeanPostProcessorChecker] [line327] [INFO] - Bean 'cacheManager' of type [org.springframework.cache.guava.GuavaCacheManager] is not eligible for getting processed by all BeanPostProcessors (for example: not eligible for auto-proxying)
2020-07-20 09:29:56 [main] [org.springframework.context.support.PostProcessorRegistrationDelegate$BeanPostProcessorChecker] [line327] [INFO] - Bean 'cacheAutoConfigurationValidator' of type [org.springframework.boot.autoconfigure.cache.CacheAutoConfiguration$CacheManagerValidator] is not eligible for getting processed by all BeanPostProcessors (for example: not eligible for auto-proxying)
2020-07-20 09:29:56 [main] [org.springframework.boot.context.embedded.tomcat.TomcatEmbeddedServletContainer] [line89] [INFO] - Tomcat initialized with port(s): 8080 (http)
2020-07-20 09:29:56 [localhost-startStop-1] [org.springframework.web.context.ContextLoader] [line276] [INFO] - Root WebApplicationContext: initialization completed in 2409 ms
2020-07-20 09:29:57 [localhost-startStop-1] [org.springframework.boot.web.servlet.FilterRegistrationBean] [line258] [INFO] - Mapping filter: 'characterEncodingFilter' to: [/*]
2020-07-20 09:29:57 [localhost-startStop-1] [org.springframework.boot.web.servlet.FilterRegistrationBean] [line258] [INFO] - Mapping filter: 'hiddenHttpMethodFilter' to: [/*]
2020-07-20 09:29:57 [localhost-startStop-1] [org.springframework.boot.web.servlet.FilterRegistrationBean] [line258] [INFO] - Mapping filter: 'httpPutFormContentFilter' to: [/*]
2020-07-20 09:29:57 [localhost-startStop-1] [org.springframework.boot.web.servlet.FilterRegistrationBean] [line258] [INFO] - Mapping filter: 'requestContextFilter' to: [/*]
2020-07-20 09:29:57 [localhost-startStop-1] [org.springframework.boot.web.servlet.DelegatingFilterProxyRegistrationBean] [line258] [INFO] - Mapping filter: 'springSecurityFilterChain' to: [/*]
2020-07-20 09:29:57 [localhost-startStop-1] [org.springframework.boot.web.servlet.FilterRegistrationBean] [line258] [INFO] - Mapping filter: 'CORSFilter' to: [/*]
2020-07-20 09:29:57 [localhost-startStop-1] [org.springframework.boot.web.servlet.ServletRegistrationBean] [line190] [INFO] - Mapping servlet: 'dispatcherServlet' to [/]
2020-07-20 09:30:14 [main] [org.springframework.orm.jpa.LocalContainerEntityManagerFactoryBean] [line356] [INFO] - Building JPA container EntityManagerFactory for persistence unit 'default'
2020-07-20 09:30:14 [main] [org.hibernate.jpa.internal.util.LogHelper] [line31] [INFO] - HHH000204: Processing PersistenceUnitInfo [
	name: default
	...]
2020-07-20 09:30:15 [main] [org.hibernate.Version] [line37] [INFO] - HHH000412: Hibernate Core {5.0.12.Final}
2020-07-20 09:30:15 [main] [org.hibernate.cfg.Environment] [line213] [INFO] - HHH000206: hibernate.properties not found
2020-07-20 09:30:15 [main] [org.hibernate.cfg.Environment] [line317] [INFO] - HHH000021: Bytecode provider name : javassist
2020-07-20 09:30:15 [main] [org.hibernate.annotations.common.Version] [line66] [INFO] - HCANN000001: Hibernate Commons Annotations {5.0.1.Final}
2020-07-20 09:30:15 [main] [org.hibernate.dialect.Dialect] [line156] [INFO] - HHH000400: Using dialect: org.hibernate.dialect.MySQL5Dialect
2020-07-20 09:30:16 [main] [org.springframework.orm.jpa.LocalContainerEntityManagerFactoryBean] [line392] [INFO] - Initialized JPA EntityManagerFactory for persistence unit 'default'
2020-07-20 09:30:17 [main] [org.springframework.web.servlet.mvc.method.annotation.RequestMappingHandlerMapping] [line543] [INFO] - Mapped "{[/swagger-resources/configuration/security]}" onto public org.springframework.http.ResponseEntity<springfox.documentation.swagger.web.SecurityConfiguration> springfox.documentation.swagger.web.ApiResourceController.securityConfiguration()
2020-07-20 09:30:17 [main] [org.springframework.web.servlet.mvc.method.annotation.RequestMappingHandlerMapping] [line543] [INFO] - Mapped "{[/swagger-resources]}" onto public org.springframework.http.ResponseEntity<java.util.List<springfox.documentation.swagger.web.SwaggerResource>> springfox.documentation.swagger.web.ApiResourceController.swaggerResources()
2020-07-20 09:30:17 [main] [org.springframework.web.servlet.mvc.method.annotation.RequestMappingHandlerMapping] [line543] [INFO] - Mapped "{[/swagger-resources/configuration/ui]}" onto public org.springframework.http.ResponseEntity<springfox.documentation.swagger.web.UiConfiguration> springfox.documentation.swagger.web.ApiResourceController.uiConfiguration()
2020-07-20 09:30:17 [main] [org.springframework.web.servlet.mvc.method.annotation.RequestMappingHandlerMapping] [line543] [INFO] - Mapped "{[/error]}" onto public org.springframework.http.ResponseEntity<java.util.Map<java.lang.String, java.lang.Object>> org.springframework.boot.autoconfigure.web.BasicErrorController.error(javax.servlet.http.HttpServletRequest)
2020-07-20 09:30:17 [main] [org.springframework.web.servlet.mvc.method.annotation.RequestMappingHandlerMapping] [line543] [INFO] - Mapped "{[/error],produces=[text/html]}" onto public org.springframework.web.servlet.ModelAndView org.springframework.boot.autoconfigure.web.BasicErrorController.errorHtml(javax.servlet.http.HttpServletRequest,javax.servlet.http.HttpServletResponse)
2020-07-20 09:30:17 [main] [springfox.documentation.spring.web.PropertySourcedRequestMappingHandlerMapping] [line65] [INFO] - Mapped URL path [/v2/api-docs] onto method [public org.springframework.http.ResponseEntity<springfox.documentation.spring.web.json.Json> springfox.documentation.swagger2.web.Swagger2Controller.getDocumentation(java.lang.String,javax.servlet.http.HttpServletRequest)]
2020-07-20 09:30:17 [main] [org.springframework.boot.autoconfigure.security.AuthenticationManagerConfiguration] [line173] [INFO] - 

Using default security password: 0e0e1c65-f02b-451f-90da-a5e0dab124d7

2020-07-20 09:30:17 [main] [org.springframework.boot.context.embedded.AnnotationConfigEmbeddedWebApplicationContext] [line551] [WARN] - Exception encountered during context initialization - cancelling refresh attempt: org.springframework.beans.factory.BeanCreationException: Error creating bean with name 'springSecurityFilterChain' defined in class path resource [org/springframework/security/config/annotation/web/configuration/WebSecurityConfiguration.class]: Bean instantiation via factory method failed; nested exception is org.springframework.beans.BeanInstantiationException: Failed to instantiate [javax.servlet.Filter]: Factory method 'springSecurityFilterChain' threw exception; nested exception is java.lang.NullPointerException
2020-07-20 09:30:17 [main] [org.springframework.orm.jpa.LocalContainerEntityManagerFactoryBean] [line563] [INFO] - Closing JPA EntityManagerFactory for persistence unit 'default'
2020-07-20 09:30:17 [main] [org.springframework.boot.autoconfigure.logging.AutoConfigurationReportLoggingInitializer] [line101] [INFO] - 

Error starting ApplicationContext. To display the auto-configuration report re-run your application with 'debug' enabled.
2020-07-20 09:30:17 [main] [org.springframework.boot.SpringApplication] [line771] [ERROR] - Application startup failed
org.springframework.beans.factory.BeanCreationException: Error creating bean with name 'springSecurityFilterChain' defined in class path resource [org/springframework/security/config/annotation/web/configuration/WebSecurityConfiguration.class]: Bean instantiation via factory method failed; nested exception is org.springframework.beans.BeanInstantiationException: Failed to instantiate [javax.servlet.Filter]: Factory method 'springSecurityFilterChain' threw exception; nested exception is java.lang.NullPointerException
	at org.springframework.beans.factory.support.ConstructorResolver.instantiateUsingFactoryMethod(ConstructorResolver.java:599)
	at org.springframework.beans.factory.support.AbstractAutowireCapableBeanFactory.instantiateUsingFactoryMethod(AbstractAutowireCapableBeanFactory.java:1173)
	at org.springframework.beans.factory.support.AbstractAutowireCapableBeanFactory.createBeanInstance(AbstractAutowireCapableBeanFactory.java:1067)
	at org.springframework.beans.factory.support.AbstractAutowireCapableBeanFactory.doCreateBean(AbstractAutowireCapableBeanFactory.java:513)
	at org.springframework.beans.factory.support.AbstractAutowireCapableBeanFactory.createBean(AbstractAutowireCapableBeanFactory.java:483)
	at org.springframework.beans.factory.support.AbstractBeanFactory$1.getObject(AbstractBeanFactory.java:306)
	at org.springframework.beans.factory.support.DefaultSingletonBeanRegistry.getSingleton(DefaultSingletonBeanRegistry.java:230)
	at org.springframework.beans.factory.support.AbstractBeanFactory.doGetBean(AbstractBeanFactory.java:302)
	at org.springframework.beans.factory.support.AbstractBeanFactory.getBean(AbstractBeanFactory.java:197)
	at org.springframework.beans.factory.support.AbstractBeanFactory.doGetBean(AbstractBeanFactory.java:296)
	at org.springframework.beans.factory.support.AbstractBeanFactory.getBean(AbstractBeanFactory.java:197)
	at org.springframework.beans.factory.support.DefaultListableBeanFactory.preInstantiateSingletons(DefaultListableBeanFactory.java:761)
	at org.springframework.context.support.AbstractApplicationContext.finishBeanFactoryInitialization(AbstractApplicationContext.java:867)
	at org.springframework.context.support.AbstractApplicationContext.refresh(AbstractApplicationContext.java:543)
	at org.springframework.boot.context.embedded.EmbeddedWebApplicationContext.refresh(EmbeddedWebApplicationContext.java:122)
	at org.springframework.boot.SpringApplication.refresh(SpringApplication.java:693)
	at org.springframework.boot.SpringApplication.refreshContext(SpringApplication.java:360)
	at org.springframework.boot.SpringApplication.run(SpringApplication.java:303)
	at org.springframework.boot.SpringApplication.run(SpringApplication.java:1118)
	at org.springframework.boot.SpringApplication.run(SpringApplication.java:1107)
	at com.phiotonia.kniotcloud.backend.KnIotCloudBackendApplication.main(KnIotCloudBackendApplication.java:21)
Caused by: org.springframework.beans.BeanInstantiationException: Failed to instantiate [javax.servlet.Filter]: Factory method 'springSecurityFilterChain' threw exception; nested exception is java.lang.NullPointerException
	at org.springframework.beans.factory.support.SimpleInstantiationStrategy.instantiate(SimpleInstantiationStrategy.java:189)
	at org.springframework.beans.factory.support.ConstructorResolver.instantiateUsingFactoryMethod(ConstructorResolver.java:588)
	... 20 more
Caused by: java.lang.NullPointerException
	at org.springframework.security.config.annotation.web.builders.HttpSecurity.addFilterBefore(HttpSecurity.java:1039)
	at com.phiotonia.kniotcloud.backend.security.WebSecurityConfig.configure(WebSecurityConfig.java:44)
	at org.springframework.security.config.annotation.web.configuration.WebSecurityConfigurerAdapter.getHttp(WebSecurityConfigurerAdapter.java:224)
	at org.springframework.security.config.annotation.web.configuration.WebSecurityConfigurerAdapter.init(WebSecurityConfigurerAdapter.java:315)
	at org.springframework.security.config.annotation.web.configuration.WebSecurityConfigurerAdapter.init(WebSecurityConfigurerAdapter.java:86)
	at com.phiotonia.kniotcloud.backend.security.WebSecurityConfig$$EnhancerBySpringCGLIB$$d566c52a.init(<generated>)
	at org.springframework.security.config.annotation.AbstractConfiguredSecurityBuilder.init(AbstractConfiguredSecurityBuilder.java:371)
	at org.springframework.security.config.annotation.AbstractConfiguredSecurityBuilder.doBuild(AbstractConfiguredSecurityBuilder.java:325)
	at org.springframework.security.config.annotation.AbstractSecurityBuilder.build(AbstractSecurityBuilder.java:41)
	at org.springframework.security.config.annotation.web.configuration.WebSecurityConfiguration.springSecurityFilterChain(WebSecurityConfiguration.java:104)
	at org.springframework.security.config.annotation.web.configuration.WebSecurityConfiguration$$EnhancerBySpringCGLIB$$a8f48b80.CGLIB$springSecurityFilterChain$5(<generated>)
	at org.springframework.security.config.annotation.web.configuration.WebSecurityConfiguration$$EnhancerBySpringCGLIB$$a8f48b80$$FastClassBySpringCGLIB$$6e5cc012.invoke(<generated>)
	at org.springframework.cglib.proxy.MethodProxy.invokeSuper(MethodProxy.java:228)
	at org.springframework.context.annotation.ConfigurationClassEnhancer$BeanMethodInterceptor.intercept(ConfigurationClassEnhancer.java:358)
	at org.springframework.security.config.annotation.web.configuration.WebSecurityConfiguration$$EnhancerBySpringCGLIB$$a8f48b80.springSecurityFilterChain(<generated>)
	at java.base/jdk.internal.reflect.NativeMethodAccessorImpl.invoke0(Native Method)
	at java.base/jdk.internal.reflect.NativeMethodAccessorImpl.invoke(NativeMethodAccessorImpl.java:62)
	at java.base/jdk.internal.reflect.DelegatingMethodAccessorImpl.invoke(DelegatingMethodAccessorImpl.java:43)
	at java.base/java.lang.reflect.Method.invoke(Method.java:567)
	at org.springframework.beans.factory.support.SimpleInstantiationStrategy.instantiate(SimpleInstantiationStrategy.java:162)
	... 21 more
2020-07-20 14:13:38 [main] [com.phiotonia.kniotcloud.backend.KnIotCloudBackendApplication] [line48] [INFO] - Starting KnIotCloudBackendApplication on DESKTOP-KEVDEV-X with PID 5788 (D:\KNiotCloud-Backend\target\classes started by Owner in D:\KNiotCloud-Backend)
2020-07-20 14:13:38 [main] [com.phiotonia.kniotcloud.backend.KnIotCloudBackendApplication] [line597] [INFO] - The following profiles are active: dev
2020-07-20 14:13:38 [main] [org.springframework.boot.context.embedded.AnnotationConfigEmbeddedWebApplicationContext] [line583] [INFO] - Refreshing org.springframework.boot.context.embedded.AnnotationConfigEmbeddedWebApplicationContext@495ee280: startup date [Mon Jul 20 14:13:38 EDT 2020]; root of context hierarchy
2020-07-20 14:13:38 [background-preinit] [org.hibernate.validator.internal.util.Version] [line30] [INFO] - HV000001: Hibernate Validator 5.3.6.Final
2020-07-20 14:13:40 [main] [org.springframework.context.support.PostProcessorRegistrationDelegate$BeanPostProcessorChecker] [line327] [INFO] - Bean 'org.springframework.transaction.annotation.ProxyTransactionManagementConfiguration' of type [org.springframework.transaction.annotation.ProxyTransactionManagementConfiguration$$EnhancerBySpringCGLIB$$1846fa01] is not eligible for getting processed by all BeanPostProcessors (for example: not eligible for auto-proxying)
2020-07-20 14:13:40 [main] [org.springframework.context.support.PostProcessorRegistrationDelegate$BeanPostProcessorChecker] [line327] [INFO] - Bean 'org.springframework.cache.annotation.ProxyCachingConfiguration' of type [org.springframework.cache.annotation.ProxyCachingConfiguration$$EnhancerBySpringCGLIB$$6159301f] is not eligible for getting processed by all BeanPostProcessors (for example: not eligible for auto-proxying)
2020-07-20 14:13:40 [main] [org.springframework.context.support.PostProcessorRegistrationDelegate$BeanPostProcessorChecker] [line327] [INFO] - Bean 'org.springframework.boot.autoconfigure.cache.CacheAutoConfiguration' of type [org.springframework.boot.autoconfigure.cache.CacheAutoConfiguration$$EnhancerBySpringCGLIB$$55ccf4c3] is not eligible for getting processed by all BeanPostProcessors (for example: not eligible for auto-proxying)
2020-07-20 14:13:40 [main] [org.springframework.context.support.PostProcessorRegistrationDelegate$BeanPostProcessorChecker] [line327] [INFO] - Bean 'spring.cache-org.springframework.boot.autoconfigure.cache.CacheProperties' of type [org.springframework.boot.autoconfigure.cache.CacheProperties] is not eligible for getting processed by all BeanPostProcessors (for example: not eligible for auto-proxying)
2020-07-20 14:13:40 [main] [org.springframework.context.support.PostProcessorRegistrationDelegate$BeanPostProcessorChecker] [line327] [INFO] - Bean 'cacheManagerCustomizers' of type [org.springframework.boot.autoconfigure.cache.CacheManagerCustomizers] is not eligible for getting processed by all BeanPostProcessors (for example: not eligible for auto-proxying)
2020-07-20 14:13:40 [main] [org.springframework.context.support.PostProcessorRegistrationDelegate$BeanPostProcessorChecker] [line327] [INFO] - Bean 'org.springframework.boot.autoconfigure.cache.GuavaCacheConfiguration' of type [org.springframework.boot.autoconfigure.cache.GuavaCacheConfiguration$$EnhancerBySpringCGLIB$$ad6a2d60] is not eligible for getting processed by all BeanPostProcessors (for example: not eligible for auto-proxying)
2020-07-20 14:13:40 [main] [org.springframework.context.support.PostProcessorRegistrationDelegate$BeanPostProcessorChecker] [line327] [INFO] - Bean 'cacheManager' of type [org.springframework.cache.guava.GuavaCacheManager] is not eligible for getting processed by all BeanPostProcessors (for example: not eligible for auto-proxying)
2020-07-20 14:13:40 [main] [org.springframework.context.support.PostProcessorRegistrationDelegate$BeanPostProcessorChecker] [line327] [INFO] - Bean 'cacheAutoConfigurationValidator' of type [org.springframework.boot.autoconfigure.cache.CacheAutoConfiguration$CacheManagerValidator] is not eligible for getting processed by all BeanPostProcessors (for example: not eligible for auto-proxying)
2020-07-20 14:13:40 [main] [org.springframework.boot.context.embedded.tomcat.TomcatEmbeddedServletContainer] [line89] [INFO] - Tomcat initialized with port(s): 8080 (http)
2020-07-20 14:13:40 [localhost-startStop-1] [org.springframework.web.context.ContextLoader] [line276] [INFO] - Root WebApplicationContext: initialization completed in 2196 ms
2020-07-20 14:13:40 [localhost-startStop-1] [org.springframework.boot.web.servlet.FilterRegistrationBean] [line258] [INFO] - Mapping filter: 'characterEncodingFilter' to: [/*]
2020-07-20 14:13:40 [localhost-startStop-1] [org.springframework.boot.web.servlet.FilterRegistrationBean] [line258] [INFO] - Mapping filter: 'hiddenHttpMethodFilter' to: [/*]
2020-07-20 14:13:40 [localhost-startStop-1] [org.springframework.boot.web.servlet.FilterRegistrationBean] [line258] [INFO] - Mapping filter: 'httpPutFormContentFilter' to: [/*]
2020-07-20 14:13:40 [localhost-startStop-1] [org.springframework.boot.web.servlet.FilterRegistrationBean] [line258] [INFO] - Mapping filter: 'requestContextFilter' to: [/*]
2020-07-20 14:13:40 [localhost-startStop-1] [org.springframework.boot.web.servlet.DelegatingFilterProxyRegistrationBean] [line258] [INFO] - Mapping filter: 'springSecurityFilterChain' to: [/*]
2020-07-20 14:13:40 [localhost-startStop-1] [org.springframework.boot.web.servlet.FilterRegistrationBean] [line258] [INFO] - Mapping filter: 'CORSFilter' to: [/*]
2020-07-20 14:13:40 [localhost-startStop-1] [org.springframework.boot.web.servlet.ServletRegistrationBean] [line190] [INFO] - Mapping servlet: 'dispatcherServlet' to [/]
2020-07-20 14:13:57 [main] [org.springframework.orm.jpa.LocalContainerEntityManagerFactoryBean] [line356] [INFO] - Building JPA container EntityManagerFactory for persistence unit 'default'
2020-07-20 14:13:57 [main] [org.hibernate.jpa.internal.util.LogHelper] [line31] [INFO] - HHH000204: Processing PersistenceUnitInfo [
	name: default
	...]
2020-07-20 14:13:57 [main] [org.hibernate.Version] [line37] [INFO] - HHH000412: Hibernate Core {5.0.12.Final}
2020-07-20 14:13:57 [main] [org.hibernate.cfg.Environment] [line213] [INFO] - HHH000206: hibernate.properties not found
2020-07-20 14:13:57 [main] [org.hibernate.cfg.Environment] [line317] [INFO] - HHH000021: Bytecode provider name : javassist
2020-07-20 14:13:57 [main] [org.hibernate.annotations.common.Version] [line66] [INFO] - HCANN000001: Hibernate Commons Annotations {5.0.1.Final}
2020-07-20 14:13:57 [main] [org.hibernate.dialect.Dialect] [line156] [INFO] - HHH000400: Using dialect: org.hibernate.dialect.MySQL5Dialect
2020-07-20 14:13:58 [main] [org.springframework.orm.jpa.LocalContainerEntityManagerFactoryBean] [line392] [INFO] - Initialized JPA EntityManagerFactory for persistence unit 'default'
2020-07-20 14:13:59 [main] [org.springframework.web.servlet.mvc.method.annotation.RequestMappingHandlerMapping] [line543] [INFO] - Mapped "{[/swagger-resources/configuration/security]}" onto public org.springframework.http.ResponseEntity<springfox.documentation.swagger.web.SecurityConfiguration> springfox.documentation.swagger.web.ApiResourceController.securityConfiguration()
2020-07-20 14:13:59 [main] [org.springframework.web.servlet.mvc.method.annotation.RequestMappingHandlerMapping] [line543] [INFO] - Mapped "{[/swagger-resources/configuration/ui]}" onto public org.springframework.http.ResponseEntity<springfox.documentation.swagger.web.UiConfiguration> springfox.documentation.swagger.web.ApiResourceController.uiConfiguration()
2020-07-20 14:13:59 [main] [org.springframework.web.servlet.mvc.method.annotation.RequestMappingHandlerMapping] [line543] [INFO] - Mapped "{[/swagger-resources]}" onto public org.springframework.http.ResponseEntity<java.util.List<springfox.documentation.swagger.web.SwaggerResource>> springfox.documentation.swagger.web.ApiResourceController.swaggerResources()
2020-07-20 14:13:59 [main] [org.springframework.web.servlet.mvc.method.annotation.RequestMappingHandlerMapping] [line543] [INFO] - Mapped "{[/error]}" onto public org.springframework.http.ResponseEntity<java.util.Map<java.lang.String, java.lang.Object>> org.springframework.boot.autoconfigure.web.BasicErrorController.error(javax.servlet.http.HttpServletRequest)
2020-07-20 14:13:59 [main] [org.springframework.web.servlet.mvc.method.annotation.RequestMappingHandlerMapping] [line543] [INFO] - Mapped "{[/error],produces=[text/html]}" onto public org.springframework.web.servlet.ModelAndView org.springframework.boot.autoconfigure.web.BasicErrorController.errorHtml(javax.servlet.http.HttpServletRequest,javax.servlet.http.HttpServletResponse)
2020-07-20 14:13:59 [main] [springfox.documentation.spring.web.PropertySourcedRequestMappingHandlerMapping] [line65] [INFO] - Mapped URL path [/v2/api-docs] onto method [public org.springframework.http.ResponseEntity<springfox.documentation.spring.web.json.Json> springfox.documentation.swagger2.web.Swagger2Controller.getDocumentation(java.lang.String,javax.servlet.http.HttpServletRequest)]
2020-07-20 14:13:59 [main] [org.springframework.web.servlet.handler.SimpleUrlHandlerMapping] [line362] [INFO] - Mapped URL path [/webjars/**] onto handler of type [class org.springframework.web.servlet.resource.ResourceHttpRequestHandler]
2020-07-20 14:13:59 [main] [org.springframework.web.servlet.handler.SimpleUrlHandlerMapping] [line362] [INFO] - Mapped URL path [/**] onto handler of type [class org.springframework.web.servlet.resource.ResourceHttpRequestHandler]
2020-07-20 14:13:59 [main] [org.springframework.web.servlet.handler.SimpleUrlHandlerMapping] [line362] [INFO] - Mapped URL path [/**/favicon.ico] onto handler of type [class org.springframework.web.servlet.resource.ResourceHttpRequestHandler]
2020-07-20 14:13:59 [main] [org.springframework.security.web.DefaultSecurityFilterChain] [line43] [INFO] - Creating filter chain: org.springframework.security.web.util.matcher.AnyRequestMatcher@1, [com.phiotonia.kniotcloud.backend.security.CORSFilter@3331875e, org.springframework.security.web.context.request.async.WebAsyncManagerIntegrationFilter@62f305bc, org.springframework.security.web.context.SecurityContextPersistenceFilter@59043741, org.springframework.security.web.header.HeaderWriterFilter@62e586a6, org.springframework.web.filter.CorsFilter@729c8def, org.springframework.security.web.authentication.logout.LogoutFilter@669daa93, com.phiotonia.kniotcloud.backend.security.JWTAuthenticationFilter@41c88e00, org.springframework.security.web.savedrequest.RequestCacheAwareFilter@7d563c13, org.springframework.security.web.servletapi.SecurityContextHolderAwareRequestFilter@da11873, org.springframework.security.web.authentication.AnonymousAuthenticationFilter@4fea095b, org.springframework.security.web.session.SessionManagementFilter@1b06dc57, org.springframework.security.web.access.ExceptionTranslationFilter@147097ad, org.springframework.security.web.access.intercept.FilterSecurityInterceptor@5e5d40ec]
2020-07-20 14:13:59 [main] [org.springframework.web.servlet.mvc.method.annotation.RequestMappingHandlerAdapter] [line534] [INFO] - Looking for @ControllerAdvice: org.springframework.boot.context.embedded.AnnotationConfigEmbeddedWebApplicationContext@495ee280: startup date [Mon Jul 20 14:13:38 EDT 2020]; root of context hierarchy
2020-07-20 14:14:00 [main] [org.springframework.ui.freemarker.SpringTemplateLoader] [line61] [INFO] - SpringTemplateLoader for FreeMarker: using resource loader [org.springframework.boot.context.embedded.AnnotationConfigEmbeddedWebApplicationContext@495ee280: startup date [Mon Jul 20 14:13:38 EDT 2020]; root of context hierarchy] and template loader path [classpath:/templates/]
2020-07-20 14:14:00 [main] [org.springframework.web.servlet.view.freemarker.FreeMarkerConfigurer] [line127] [INFO] - ClassTemplateLoader for Spring macros added to FreeMarker configuration
2020-07-20 14:14:00 [main] [org.springframework.jmx.export.annotation.AnnotationMBeanExporter] [line431] [INFO] - Registering beans for JMX exposure on startup
2020-07-20 14:14:00 [main] [org.springframework.context.support.DefaultLifecycleProcessor] [line343] [INFO] - Starting beans in phase 2147483647
2020-07-20 14:14:00 [main] [springfox.documentation.spring.web.plugins.DocumentationPluginsBootstrapper] [line147] [INFO] - Context refreshed
2020-07-20 14:14:00 [main] [springfox.documentation.spring.web.plugins.DocumentationPluginsBootstrapper] [line150] [INFO] - Found 1 custom documentation plugin(s)
2020-07-20 14:14:00 [main] [springfox.documentation.spring.web.scanners.ApiListingReferenceScanner] [line41] [INFO] - Scanning for api listing references
2020-07-20 14:14:00 [main] [org.springframework.boot.context.embedded.tomcat.TomcatEmbeddedServletContainer] [line201] [INFO] - Tomcat started on port(s): 8080 (http)
2020-07-20 14:14:00 [main] [com.phiotonia.kniotcloud.backend.KnIotCloudBackendApplication] [line57] [INFO] - Started KnIotCloudBackendApplication in 22.789 seconds (JVM running for 24.316)
2020-07-20 14:14:19 [http-nio-8080-exec-1] [org.springframework.web.servlet.DispatcherServlet] [line489] [INFO] - FrameworkServlet 'dispatcherServlet': initialization started
2020-07-20 14:14:19 [http-nio-8080-exec-1] [org.springframework.web.servlet.DispatcherServlet] [line508] [INFO] - FrameworkServlet 'dispatcherServlet': initialization completed in 42 ms
2020-07-20 15:10:22 [main] [com.phiotonia.kniotcloud.backend.KnIotCloudBackendApplication] [line48] [INFO] - Starting KnIotCloudBackendApplication on DESKTOP-KEVDEV-X with PID 13116 (D:\KNiotCloud-Backend\target\classes started by Owner in D:\KNiotCloud-Backend)
2020-07-20 15:10:22 [main] [com.phiotonia.kniotcloud.backend.KnIotCloudBackendApplication] [line597] [INFO] - The following profiles are active: dev
2020-07-20 15:10:22 [main] [org.springframework.boot.context.embedded.AnnotationConfigEmbeddedWebApplicationContext] [line583] [INFO] - Refreshing org.springframework.boot.context.embedded.AnnotationConfigEmbeddedWebApplicationContext@495ee280: startup date [Mon Jul 20 15:10:22 EDT 2020]; root of context hierarchy
2020-07-20 15:10:22 [background-preinit] [org.hibernate.validator.internal.util.Version] [line30] [INFO] - HV000001: Hibernate Validator 5.3.6.Final
2020-07-20 15:10:23 [main] [org.springframework.context.support.PostProcessorRegistrationDelegate$BeanPostProcessorChecker] [line327] [INFO] - Bean 'org.springframework.transaction.annotation.ProxyTransactionManagementConfiguration' of type [org.springframework.transaction.annotation.ProxyTransactionManagementConfiguration$$EnhancerBySpringCGLIB$$71d44285] is not eligible for getting processed by all BeanPostProcessors (for example: not eligible for auto-proxying)
2020-07-20 15:10:23 [main] [org.springframework.context.support.PostProcessorRegistrationDelegate$BeanPostProcessorChecker] [line327] [INFO] - Bean 'org.springframework.cache.annotation.ProxyCachingConfiguration' of type [org.springframework.cache.annotation.ProxyCachingConfiguration$$EnhancerBySpringCGLIB$$bae678a3] is not eligible for getting processed by all BeanPostProcessors (for example: not eligible for auto-proxying)
2020-07-20 15:10:23 [main] [org.springframework.context.support.PostProcessorRegistrationDelegate$BeanPostProcessorChecker] [line327] [INFO] - Bean 'org.springframework.boot.autoconfigure.cache.CacheAutoConfiguration' of type [org.springframework.boot.autoconfigure.cache.CacheAutoConfiguration$$EnhancerBySpringCGLIB$$af5a3d47] is not eligible for getting processed by all BeanPostProcessors (for example: not eligible for auto-proxying)
2020-07-20 15:10:23 [main] [org.springframework.context.support.PostProcessorRegistrationDelegate$BeanPostProcessorChecker] [line327] [INFO] - Bean 'spring.cache-org.springframework.boot.autoconfigure.cache.CacheProperties' of type [org.springframework.boot.autoconfigure.cache.CacheProperties] is not eligible for getting processed by all BeanPostProcessors (for example: not eligible for auto-proxying)
2020-07-20 15:10:23 [main] [org.springframework.context.support.PostProcessorRegistrationDelegate$BeanPostProcessorChecker] [line327] [INFO] - Bean 'cacheManagerCustomizers' of type [org.springframework.boot.autoconfigure.cache.CacheManagerCustomizers] is not eligible for getting processed by all BeanPostProcessors (for example: not eligible for auto-proxying)
2020-07-20 15:10:23 [main] [org.springframework.context.support.PostProcessorRegistrationDelegate$BeanPostProcessorChecker] [line327] [INFO] - Bean 'org.springframework.boot.autoconfigure.cache.GuavaCacheConfiguration' of type [org.springframework.boot.autoconfigure.cache.GuavaCacheConfiguration$$EnhancerBySpringCGLIB$$6f775e4] is not eligible for getting processed by all BeanPostProcessors (for example: not eligible for auto-proxying)
2020-07-20 15:10:23 [main] [org.springframework.context.support.PostProcessorRegistrationDelegate$BeanPostProcessorChecker] [line327] [INFO] - Bean 'cacheManager' of type [org.springframework.cache.guava.GuavaCacheManager] is not eligible for getting processed by all BeanPostProcessors (for example: not eligible for auto-proxying)
2020-07-20 15:10:23 [main] [org.springframework.context.support.PostProcessorRegistrationDelegate$BeanPostProcessorChecker] [line327] [INFO] - Bean 'cacheAutoConfigurationValidator' of type [org.springframework.boot.autoconfigure.cache.CacheAutoConfiguration$CacheManagerValidator] is not eligible for getting processed by all BeanPostProcessors (for example: not eligible for auto-proxying)
2020-07-20 15:10:24 [main] [org.springframework.boot.context.embedded.tomcat.TomcatEmbeddedServletContainer] [line89] [INFO] - Tomcat initialized with port(s): 8080 (http)
2020-07-20 15:10:24 [localhost-startStop-1] [org.springframework.web.context.ContextLoader] [line276] [INFO] - Root WebApplicationContext: initialization completed in 2064 ms
2020-07-20 15:10:24 [localhost-startStop-1] [org.springframework.boot.web.servlet.FilterRegistrationBean] [line258] [INFO] - Mapping filter: 'characterEncodingFilter' to: [/*]
2020-07-20 15:10:24 [localhost-startStop-1] [org.springframework.boot.web.servlet.FilterRegistrationBean] [line258] [INFO] - Mapping filter: 'hiddenHttpMethodFilter' to: [/*]
2020-07-20 15:10:24 [localhost-startStop-1] [org.springframework.boot.web.servlet.FilterRegistrationBean] [line258] [INFO] - Mapping filter: 'httpPutFormContentFilter' to: [/*]
2020-07-20 15:10:24 [localhost-startStop-1] [org.springframework.boot.web.servlet.FilterRegistrationBean] [line258] [INFO] - Mapping filter: 'requestContextFilter' to: [/*]
2020-07-20 15:10:24 [localhost-startStop-1] [org.springframework.boot.web.servlet.DelegatingFilterProxyRegistrationBean] [line258] [INFO] - Mapping filter: 'springSecurityFilterChain' to: [/*]
2020-07-20 15:10:24 [localhost-startStop-1] [org.springframework.boot.web.servlet.FilterRegistrationBean] [line258] [INFO] - Mapping filter: 'CORSFilter' to: [/*]
2020-07-20 15:10:24 [localhost-startStop-1] [org.springframework.boot.web.servlet.ServletRegistrationBean] [line190] [INFO] - Mapping servlet: 'dispatcherServlet' to [/]
2020-07-20 15:10:41 [main] [org.springframework.orm.jpa.LocalContainerEntityManagerFactoryBean] [line356] [INFO] - Building JPA container EntityManagerFactory for persistence unit 'default'
2020-07-20 15:10:41 [main] [org.hibernate.jpa.internal.util.LogHelper] [line31] [INFO] - HHH000204: Processing PersistenceUnitInfo [
	name: default
	...]
2020-07-20 15:10:42 [main] [org.hibernate.Version] [line37] [INFO] - HHH000412: Hibernate Core {5.0.12.Final}
2020-07-20 15:10:42 [main] [org.hibernate.cfg.Environment] [line213] [INFO] - HHH000206: hibernate.properties not found
2020-07-20 15:10:42 [main] [org.hibernate.cfg.Environment] [line317] [INFO] - HHH000021: Bytecode provider name : javassist
2020-07-20 15:10:42 [main] [org.hibernate.annotations.common.Version] [line66] [INFO] - HCANN000001: Hibernate Commons Annotations {5.0.1.Final}
2020-07-20 15:10:42 [main] [org.hibernate.dialect.Dialect] [line156] [INFO] - HHH000400: Using dialect: org.hibernate.dialect.MySQL5Dialect
2020-07-20 15:10:42 [main] [org.springframework.orm.jpa.LocalContainerEntityManagerFactoryBean] [line392] [INFO] - Initialized JPA EntityManagerFactory for persistence unit 'default'
2020-07-20 15:10:43 [main] [org.springframework.web.servlet.mvc.method.annotation.RequestMappingHandlerMapping] [line543] [INFO] - Mapped "{[/swagger-resources/configuration/security]}" onto public org.springframework.http.ResponseEntity<springfox.documentation.swagger.web.SecurityConfiguration> springfox.documentation.swagger.web.ApiResourceController.securityConfiguration()
2020-07-20 15:10:43 [main] [org.springframework.web.servlet.mvc.method.annotation.RequestMappingHandlerMapping] [line543] [INFO] - Mapped "{[/swagger-resources/configuration/ui]}" onto public org.springframework.http.ResponseEntity<springfox.documentation.swagger.web.UiConfiguration> springfox.documentation.swagger.web.ApiResourceController.uiConfiguration()
2020-07-20 15:10:43 [main] [org.springframework.web.servlet.mvc.method.annotation.RequestMappingHandlerMapping] [line543] [INFO] - Mapped "{[/swagger-resources]}" onto public org.springframework.http.ResponseEntity<java.util.List<springfox.documentation.swagger.web.SwaggerResource>> springfox.documentation.swagger.web.ApiResourceController.swaggerResources()
2020-07-20 15:10:43 [main] [org.springframework.web.servlet.mvc.method.annotation.RequestMappingHandlerMapping] [line543] [INFO] - Mapped "{[/error]}" onto public org.springframework.http.ResponseEntity<java.util.Map<java.lang.String, java.lang.Object>> org.springframework.boot.autoconfigure.web.BasicErrorController.error(javax.servlet.http.HttpServletRequest)
2020-07-20 15:10:43 [main] [org.springframework.web.servlet.mvc.method.annotation.RequestMappingHandlerMapping] [line543] [INFO] - Mapped "{[/error],produces=[text/html]}" onto public org.springframework.web.servlet.ModelAndView org.springframework.boot.autoconfigure.web.BasicErrorController.errorHtml(javax.servlet.http.HttpServletRequest,javax.servlet.http.HttpServletResponse)
2020-07-20 15:10:44 [main] [springfox.documentation.spring.web.PropertySourcedRequestMappingHandlerMapping] [line65] [INFO] - Mapped URL path [/v2/api-docs] onto method [public org.springframework.http.ResponseEntity<springfox.documentation.spring.web.json.Json> springfox.documentation.swagger2.web.Swagger2Controller.getDocumentation(java.lang.String,javax.servlet.http.HttpServletRequest)]
2020-07-20 15:10:44 [main] [org.springframework.web.servlet.handler.SimpleUrlHandlerMapping] [line362] [INFO] - Mapped URL path [/webjars/**] onto handler of type [class org.springframework.web.servlet.resource.ResourceHttpRequestHandler]
2020-07-20 15:10:44 [main] [org.springframework.web.servlet.handler.SimpleUrlHandlerMapping] [line362] [INFO] - Mapped URL path [/**] onto handler of type [class org.springframework.web.servlet.resource.ResourceHttpRequestHandler]
2020-07-20 15:10:44 [main] [org.springframework.web.servlet.handler.SimpleUrlHandlerMapping] [line362] [INFO] - Mapped URL path [/**/favicon.ico] onto handler of type [class org.springframework.web.servlet.resource.ResourceHttpRequestHandler]
2020-07-20 15:10:44 [main] [org.springframework.security.web.DefaultSecurityFilterChain] [line43] [INFO] - Creating filter chain: org.springframework.security.web.util.matcher.AnyRequestMatcher@1, [com.phiotonia.kniotcloud.backend.security.CORSFilter@1363a06b, org.springframework.security.web.context.request.async.WebAsyncManagerIntegrationFilter@46c2189e, org.springframework.security.web.context.SecurityContextPersistenceFilter@6054ac20, org.springframework.security.web.header.HeaderWriterFilter@478fe415, org.springframework.web.filter.CorsFilter@3462e99a, org.springframework.security.web.authentication.logout.LogoutFilter@10508ba6, com.phiotonia.kniotcloud.backend.security.JWTAuthenticationFilter@5300694d, org.springframework.security.web.savedrequest.RequestCacheAwareFilter@29eaf100, org.springframework.security.web.servletapi.SecurityContextHolderAwareRequestFilter@3539cf45, org.springframework.security.web.authentication.AnonymousAuthenticationFilter@7320750c, org.springframework.security.web.session.SessionManagementFilter@31028e45, org.springframework.security.web.access.ExceptionTranslationFilter@4229b92c, org.springframework.security.web.access.intercept.FilterSecurityInterceptor@11a7840f]
2020-07-20 15:10:44 [main] [org.springframework.web.servlet.mvc.method.annotation.RequestMappingHandlerAdapter] [line534] [INFO] - Looking for @ControllerAdvice: org.springframework.boot.context.embedded.AnnotationConfigEmbeddedWebApplicationContext@495ee280: startup date [Mon Jul 20 15:10:22 EDT 2020]; root of context hierarchy
2020-07-20 15:10:44 [main] [org.springframework.ui.freemarker.SpringTemplateLoader] [line61] [INFO] - SpringTemplateLoader for FreeMarker: using resource loader [org.springframework.boot.context.embedded.AnnotationConfigEmbeddedWebApplicationContext@495ee280: startup date [Mon Jul 20 15:10:22 EDT 2020]; root of context hierarchy] and template loader path [classpath:/templates/]
2020-07-20 15:10:44 [main] [org.springframework.web.servlet.view.freemarker.FreeMarkerConfigurer] [line127] [INFO] - ClassTemplateLoader for Spring macros added to FreeMarker configuration
2020-07-20 15:10:44 [main] [org.springframework.jmx.export.annotation.AnnotationMBeanExporter] [line431] [INFO] - Registering beans for JMX exposure on startup
2020-07-20 15:10:44 [main] [org.springframework.context.support.DefaultLifecycleProcessor] [line343] [INFO] - Starting beans in phase 2147483647
2020-07-20 15:10:44 [main] [springfox.documentation.spring.web.plugins.DocumentationPluginsBootstrapper] [line147] [INFO] - Context refreshed
2020-07-20 15:10:44 [main] [springfox.documentation.spring.web.plugins.DocumentationPluginsBootstrapper] [line150] [INFO] - Found 1 custom documentation plugin(s)
2020-07-20 15:10:44 [main] [springfox.documentation.spring.web.scanners.ApiListingReferenceScanner] [line41] [INFO] - Scanning for api listing references
2020-07-20 15:10:45 [main] [org.springframework.boot.context.embedded.tomcat.TomcatEmbeddedServletContainer] [line201] [INFO] - Tomcat started on port(s): 8080 (http)
2020-07-20 15:10:45 [main] [com.phiotonia.kniotcloud.backend.KnIotCloudBackendApplication] [line57] [INFO] - Started KnIotCloudBackendApplication in 23.52 seconds (JVM running for 25.064)
2020-07-20 15:11:09 [http-nio-8080-exec-1] [org.springframework.web.servlet.DispatcherServlet] [line489] [INFO] - FrameworkServlet 'dispatcherServlet': initialization started
2020-07-20 15:11:09 [http-nio-8080-exec-1] [org.springframework.web.servlet.DispatcherServlet] [line508] [INFO] - FrameworkServlet 'dispatcherServlet': initialization completed in 24 ms
2020-07-20 15:59:48 [main] [com.phiotonia.kniotcloud.backend.KnIotCloudBackendApplication] [line48] [INFO] - Starting KnIotCloudBackendApplication on DESKTOP-KEVDEV-X with PID 26068 (D:\KNiotCloud-Backend\target\classes started by Owner in D:\KNiotCloud-Backend)
2020-07-20 15:59:48 [main] [com.phiotonia.kniotcloud.backend.KnIotCloudBackendApplication] [line597] [INFO] - The following profiles are active: dev
2020-07-20 15:59:48 [main] [org.springframework.boot.context.embedded.AnnotationConfigEmbeddedWebApplicationContext] [line583] [INFO] - Refreshing org.springframework.boot.context.embedded.AnnotationConfigEmbeddedWebApplicationContext@495ee280: startup date [Mon Jul 20 15:59:48 EDT 2020]; root of context hierarchy
2020-07-20 15:59:48 [background-preinit] [org.hibernate.validator.internal.util.Version] [line30] [INFO] - HV000001: Hibernate Validator 5.3.6.Final
2020-07-20 15:59:50 [main] [org.springframework.context.support.PostProcessorRegistrationDelegate$BeanPostProcessorChecker] [line327] [INFO] - Bean 'org.springframework.transaction.annotation.ProxyTransactionManagementConfiguration' of type [org.springframework.transaction.annotation.ProxyTransactionManagementConfiguration$$EnhancerBySpringCGLIB$$448c9023] is not eligible for getting processed by all BeanPostProcessors (for example: not eligible for auto-proxying)
2020-07-20 15:59:50 [main] [org.springframework.context.support.PostProcessorRegistrationDelegate$BeanPostProcessorChecker] [line327] [INFO] - Bean 'org.springframework.cache.annotation.ProxyCachingConfiguration' of type [org.springframework.cache.annotation.ProxyCachingConfiguration$$EnhancerBySpringCGLIB$$8d9ec641] is not eligible for getting processed by all BeanPostProcessors (for example: not eligible for auto-proxying)
2020-07-20 15:59:50 [main] [org.springframework.context.support.PostProcessorRegistrationDelegate$BeanPostProcessorChecker] [line327] [INFO] - Bean 'org.springframework.boot.autoconfigure.cache.CacheAutoConfiguration' of type [org.springframework.boot.autoconfigure.cache.CacheAutoConfiguration$$EnhancerBySpringCGLIB$$82128ae5] is not eligible for getting processed by all BeanPostProcessors (for example: not eligible for auto-proxying)
2020-07-20 15:59:50 [main] [org.springframework.context.support.PostProcessorRegistrationDelegate$BeanPostProcessorChecker] [line327] [INFO] - Bean 'spring.cache-org.springframework.boot.autoconfigure.cache.CacheProperties' of type [org.springframework.boot.autoconfigure.cache.CacheProperties] is not eligible for getting processed by all BeanPostProcessors (for example: not eligible for auto-proxying)
2020-07-20 15:59:50 [main] [org.springframework.context.support.PostProcessorRegistrationDelegate$BeanPostProcessorChecker] [line327] [INFO] - Bean 'cacheManagerCustomizers' of type [org.springframework.boot.autoconfigure.cache.CacheManagerCustomizers] is not eligible for getting processed by all BeanPostProcessors (for example: not eligible for auto-proxying)
2020-07-20 15:59:50 [main] [org.springframework.context.support.PostProcessorRegistrationDelegate$BeanPostProcessorChecker] [line327] [INFO] - Bean 'org.springframework.boot.autoconfigure.cache.GuavaCacheConfiguration' of type [org.springframework.boot.autoconfigure.cache.GuavaCacheConfiguration$$EnhancerBySpringCGLIB$$d9afc382] is not eligible for getting processed by all BeanPostProcessors (for example: not eligible for auto-proxying)
2020-07-20 15:59:50 [main] [org.springframework.context.support.PostProcessorRegistrationDelegate$BeanPostProcessorChecker] [line327] [INFO] - Bean 'cacheManager' of type [org.springframework.cache.guava.GuavaCacheManager] is not eligible for getting processed by all BeanPostProcessors (for example: not eligible for auto-proxying)
2020-07-20 15:59:50 [main] [org.springframework.context.support.PostProcessorRegistrationDelegate$BeanPostProcessorChecker] [line327] [INFO] - Bean 'cacheAutoConfigurationValidator' of type [org.springframework.boot.autoconfigure.cache.CacheAutoConfiguration$CacheManagerValidator] is not eligible for getting processed by all BeanPostProcessors (for example: not eligible for auto-proxying)
2020-07-20 15:59:50 [main] [org.springframework.boot.context.embedded.tomcat.TomcatEmbeddedServletContainer] [line89] [INFO] - Tomcat initialized with port(s): 8080 (http)
2020-07-20 15:59:50 [localhost-startStop-1] [org.springframework.web.context.ContextLoader] [line276] [INFO] - Root WebApplicationContext: initialization completed in 2416 ms
2020-07-20 15:59:51 [localhost-startStop-1] [org.springframework.boot.web.servlet.FilterRegistrationBean] [line258] [INFO] - Mapping filter: 'characterEncodingFilter' to: [/*]
2020-07-20 15:59:51 [localhost-startStop-1] [org.springframework.boot.web.servlet.FilterRegistrationBean] [line258] [INFO] - Mapping filter: 'hiddenHttpMethodFilter' to: [/*]
2020-07-20 15:59:51 [localhost-startStop-1] [org.springframework.boot.web.servlet.FilterRegistrationBean] [line258] [INFO] - Mapping filter: 'httpPutFormContentFilter' to: [/*]
2020-07-20 15:59:51 [localhost-startStop-1] [org.springframework.boot.web.servlet.FilterRegistrationBean] [line258] [INFO] - Mapping filter: 'requestContextFilter' to: [/*]
2020-07-20 15:59:51 [localhost-startStop-1] [org.springframework.boot.web.servlet.DelegatingFilterProxyRegistrationBean] [line258] [INFO] - Mapping filter: 'springSecurityFilterChain' to: [/*]
2020-07-20 15:59:51 [localhost-startStop-1] [org.springframework.boot.web.servlet.FilterRegistrationBean] [line258] [INFO] - Mapping filter: 'CORSFilter' to: [/*]
2020-07-20 15:59:51 [localhost-startStop-1] [org.springframework.boot.web.servlet.ServletRegistrationBean] [line190] [INFO] - Mapping servlet: 'dispatcherServlet' to [/]
2020-07-20 16:00:07 [main] [org.springframework.orm.jpa.LocalContainerEntityManagerFactoryBean] [line356] [INFO] - Building JPA container EntityManagerFactory for persistence unit 'default'
2020-07-20 16:00:07 [main] [org.hibernate.jpa.internal.util.LogHelper] [line31] [INFO] - HHH000204: Processing PersistenceUnitInfo [
	name: default
	...]
2020-07-20 16:00:07 [main] [org.hibernate.Version] [line37] [INFO] - HHH000412: Hibernate Core {5.0.12.Final}
2020-07-20 16:00:07 [main] [org.hibernate.cfg.Environment] [line213] [INFO] - HHH000206: hibernate.properties not found
2020-07-20 16:00:07 [main] [org.hibernate.cfg.Environment] [line317] [INFO] - HHH000021: Bytecode provider name : javassist
2020-07-20 16:00:07 [main] [org.hibernate.annotations.common.Version] [line66] [INFO] - HCANN000001: Hibernate Commons Annotations {5.0.1.Final}
2020-07-20 16:00:08 [main] [org.hibernate.dialect.Dialect] [line156] [INFO] - HHH000400: Using dialect: org.hibernate.dialect.MySQL5Dialect
2020-07-20 16:00:08 [main] [org.springframework.orm.jpa.LocalContainerEntityManagerFactoryBean] [line392] [INFO] - Initialized JPA EntityManagerFactory for persistence unit 'default'
2020-07-20 16:00:09 [main] [org.springframework.web.servlet.mvc.method.annotation.RequestMappingHandlerMapping] [line543] [INFO] - Mapped "{[/user/queryList],methods=[GET]}" onto public org.springframework.http.ResponseEntity<java.util.Map<java.lang.String, java.lang.Object>> com.phiotonia.kniotcloud.backend.controller.UserController.queryPage(java.lang.String,java.lang.String)
2020-07-20 16:00:09 [main] [org.springframework.web.servlet.mvc.method.annotation.RequestMappingHandlerMapping] [line543] [INFO] - Mapped "{[/user/delete],methods=[GET]}" onto public org.springframework.http.ResponseEntity<java.util.Map<java.lang.String, java.lang.Object>> com.phiotonia.kniotcloud.backend.controller.UserController.deleteUser(java.lang.Integer)
2020-07-20 16:00:09 [main] [org.springframework.web.servlet.mvc.method.annotation.RequestMappingHandlerMapping] [line543] [INFO] - Mapped "{[/swagger-resources/configuration/security]}" onto public org.springframework.http.ResponseEntity<springfox.documentation.swagger.web.SecurityConfiguration> springfox.documentation.swagger.web.ApiResourceController.securityConfiguration()
2020-07-20 16:00:09 [main] [org.springframework.web.servlet.mvc.method.annotation.RequestMappingHandlerMapping] [line543] [INFO] - Mapped "{[/swagger-resources/configuration/ui]}" onto public org.springframework.http.ResponseEntity<springfox.documentation.swagger.web.UiConfiguration> springfox.documentation.swagger.web.ApiResourceController.uiConfiguration()
2020-07-20 16:00:09 [main] [org.springframework.web.servlet.mvc.method.annotation.RequestMappingHandlerMapping] [line543] [INFO] - Mapped "{[/swagger-resources]}" onto public org.springframework.http.ResponseEntity<java.util.List<springfox.documentation.swagger.web.SwaggerResource>> springfox.documentation.swagger.web.ApiResourceController.swaggerResources()
2020-07-20 16:00:09 [main] [org.springframework.web.servlet.mvc.method.annotation.RequestMappingHandlerMapping] [line543] [INFO] - Mapped "{[/error]}" onto public org.springframework.http.ResponseEntity<java.util.Map<java.lang.String, java.lang.Object>> org.springframework.boot.autoconfigure.web.BasicErrorController.error(javax.servlet.http.HttpServletRequest)
2020-07-20 16:00:09 [main] [org.springframework.web.servlet.mvc.method.annotation.RequestMappingHandlerMapping] [line543] [INFO] - Mapped "{[/error],produces=[text/html]}" onto public org.springframework.web.servlet.ModelAndView org.springframework.boot.autoconfigure.web.BasicErrorController.errorHtml(javax.servlet.http.HttpServletRequest,javax.servlet.http.HttpServletResponse)
2020-07-20 16:00:09 [main] [springfox.documentation.spring.web.PropertySourcedRequestMappingHandlerMapping] [line65] [INFO] - Mapped URL path [/v2/api-docs] onto method [public org.springframework.http.ResponseEntity<springfox.documentation.spring.web.json.Json> springfox.documentation.swagger2.web.Swagger2Controller.getDocumentation(java.lang.String,javax.servlet.http.HttpServletRequest)]
2020-07-20 16:00:09 [main] [org.springframework.web.servlet.handler.SimpleUrlHandlerMapping] [line362] [INFO] - Mapped URL path [/webjars/**] onto handler of type [class org.springframework.web.servlet.resource.ResourceHttpRequestHandler]
2020-07-20 16:00:09 [main] [org.springframework.web.servlet.handler.SimpleUrlHandlerMapping] [line362] [INFO] - Mapped URL path [/**] onto handler of type [class org.springframework.web.servlet.resource.ResourceHttpRequestHandler]
2020-07-20 16:00:09 [main] [org.springframework.web.servlet.handler.SimpleUrlHandlerMapping] [line362] [INFO] - Mapped URL path [/**/favicon.ico] onto handler of type [class org.springframework.web.servlet.resource.ResourceHttpRequestHandler]
2020-07-20 16:00:09 [main] [org.springframework.security.web.DefaultSecurityFilterChain] [line43] [INFO] - Creating filter chain: org.springframework.security.web.util.matcher.AnyRequestMatcher@1, [com.phiotonia.kniotcloud.backend.security.CORSFilter@265ce57a, org.springframework.security.web.context.request.async.WebAsyncManagerIntegrationFilter@7320750c, org.springframework.security.web.context.SecurityContextPersistenceFilter@29eaf100, org.springframework.security.web.header.HeaderWriterFilter@68f75a35, org.springframework.web.filter.CorsFilter@2570851e, org.springframework.security.web.authentication.logout.LogoutFilter@57ab4b33, com.phiotonia.kniotcloud.backend.security.JWTAuthenticationFilter@67d8613, org.springframework.security.web.savedrequest.RequestCacheAwareFilter@a6204e4, org.springframework.security.web.servletapi.SecurityContextHolderAwareRequestFilter@45375bdf, org.springframework.security.web.authentication.AnonymousAuthenticationFilter@5667dd90, org.springframework.security.web.session.SessionManagementFilter@45017263, org.springframework.security.web.access.ExceptionTranslationFilter@5b80b41d, org.springframework.security.web.access.intercept.FilterSecurityInterceptor@52fec840]
2020-07-20 16:00:09 [main] [org.springframework.web.servlet.mvc.method.annotation.RequestMappingHandlerAdapter] [line534] [INFO] - Looking for @ControllerAdvice: org.springframework.boot.context.embedded.AnnotationConfigEmbeddedWebApplicationContext@495ee280: startup date [Mon Jul 20 15:59:48 EDT 2020]; root of context hierarchy
2020-07-20 16:00:09 [main] [org.springframework.ui.freemarker.SpringTemplateLoader] [line61] [INFO] - SpringTemplateLoader for FreeMarker: using resource loader [org.springframework.boot.context.embedded.AnnotationConfigEmbeddedWebApplicationContext@495ee280: startup date [Mon Jul 20 15:59:48 EDT 2020]; root of context hierarchy] and template loader path [classpath:/templates/]
2020-07-20 16:00:09 [main] [org.springframework.web.servlet.view.freemarker.FreeMarkerConfigurer] [line127] [INFO] - ClassTemplateLoader for Spring macros added to FreeMarker configuration
2020-07-20 16:00:10 [main] [org.springframework.jmx.export.annotation.AnnotationMBeanExporter] [line431] [INFO] - Registering beans for JMX exposure on startup
2020-07-20 16:00:10 [main] [org.springframework.context.support.DefaultLifecycleProcessor] [line343] [INFO] - Starting beans in phase 2147483647
2020-07-20 16:00:10 [main] [springfox.documentation.spring.web.plugins.DocumentationPluginsBootstrapper] [line147] [INFO] - Context refreshed
2020-07-20 16:00:10 [main] [springfox.documentation.spring.web.plugins.DocumentationPluginsBootstrapper] [line150] [INFO] - Found 1 custom documentation plugin(s)
2020-07-20 16:00:10 [main] [springfox.documentation.spring.web.scanners.ApiListingReferenceScanner] [line41] [INFO] - Scanning for api listing references
2020-07-20 16:00:10 [main] [org.springframework.boot.context.embedded.tomcat.TomcatEmbeddedServletContainer] [line201] [INFO] - Tomcat started on port(s): 8080 (http)
2020-07-20 16:00:10 [main] [com.phiotonia.kniotcloud.backend.KnIotCloudBackendApplication] [line57] [INFO] - Started KnIotCloudBackendApplication in 22.86 seconds (JVM running for 24.792)
2020-07-20 16:00:18 [http-nio-8080-exec-1] [org.springframework.web.servlet.DispatcherServlet] [line489] [INFO] - FrameworkServlet 'dispatcherServlet': initialization started
2020-07-20 16:00:18 [http-nio-8080-exec-1] [org.springframework.web.servlet.DispatcherServlet] [line508] [INFO] - FrameworkServlet 'dispatcherServlet': initialization completed in 26 ms
